{"numFailedTestSuites":0,"numFailedTests":0,"numPassedTestSuites":29,"numPassedTests":189,"numPendingTestSuites":0,"numPendingTests":0,"numRuntimeErrorTestSuites":0,"numTodoTests":0,"numTotalTestSuites":29,"numTotalTests":189,"openHandles":[],"snapshot":{"added":0,"didUpdate":false,"failure":false,"filesAdded":0,"filesRemoved":0,"filesRemovedList":[],"filesUnmatched":0,"filesUpdated":0,"matched":0,"total":0,"unchecked":0,"uncheckedKeysByFile":[],"unmatched":0,"updated":0},"startTime":1776347535973,"success":true,"testResults":[{"assertionResults":[{"ancestorTitles":["DetailPage component"],"duration":80,"failing":false,"failureDetails":[],"failureMessages":[],"fullName":"DetailPage component renders error alert when item fetch fails","invocations":1,"location":null,"numPassingAsserts":1,"retryReasons":[],"startAt":1776347537769,"status":"passed","title":"renders error alert when item fetch fails"},{"ancestorTitles":["DetailPage component"],"duration":118,"failing":false,"failureDetails":[],"failureMessages":[],"fullName":"DetailPage component owner can mark item as claimed","invocations":1,"location":null,"numPassingAsserts":4,"retryReasons":[],"startAt":1776347537850,"status":"passed","title":"owner can mark item as claimed"},{"ancestorTitles":["DetailPage component"],"duration":198,"failing":false,"failureDetails":[],"failureMessages":[],"fullName":"DetailPage component admin removal requires reason and then removes post","invocations":1,"location":null,"numPassingAsserts":7,"retryReasons":[],"startAt":1776347537969,"status":"passed","title":"admin removal requires reason and then removes post"},{"ancestorTitles":["DetailPage component"],"duration":34,"failing":false,"failureDetails":[],"failureMessages":[],"fullName":"DetailPage component renders AI matches and navigates to match detail on click","invocations":1,"location":null,"numPassingAsserts":2,"retryReasons":[],"startAt":1776347538168,"status":"passed","title":"renders AI matches and navigates to match detail on click"},{"ancestorTitles":["DetailPage component"],"duration":25,"failing":false,"failureDetails":[],"failureMessages":[],"fullName":"DetailPage component shows fallback message when AI matches are unavailable","invocations":1,"location":null,"numPassingAsserts":1,"retryReasons":[],"startAt":1776347538202,"status":"passed","title":"shows fallback message when AI matches are unavailable"}],"endTime":1776347538229,"message":"","name":"C:\\Users\\memo_\\Desktop\\Projeler\\matchproof\\tests\\client\\pages\\DetailPage.test.jsx","startTime":1776347536790,"status":"passed","summary":""},{"assertionResults":[{"ancestorTitles":["API routes integration"],"duration":26,"failing":false,"failureDetails":[],"failureMessages":[],"fullName":"API routes integration GET /api/health returns ok when db is up","invocations":1,"location":null,"numPassingAsserts":3,"retryReasons":[],"startAt":1776347538622,"status":"passed","title":"GET /api/health returns ok when db is up"},{"ancestorTitles":["API routes integration"],"duration":7,"failing":false,"failureDetails":[],"failureMessages":[],"fullName":"API routes integration GET /api/health returns degraded when db is down","invocations":1,"location":null,"numPassingAsserts":3,"retryReasons":[],"startAt":1776347538649,"status":"passed","title":"GET /api/health returns degraded when db is down"},{"ancestorTitles":["API routes integration"],"duration":20,"failing":false,"failureDetails":[],"failureMessages":[],"fullName":"API routes integration POST /api/auth/register registers user and returns public user","invocations":1,"location":null,"numPassingAsserts":3,"retryReasons":[],"startAt":1776347538657,"status":"passed","title":"POST /api/auth/register registers user and returns public user"},{"ancestorTitles":["API routes integration"],"duration":9,"failing":false,"failureDetails":[],"failureMessages":[],"fullName":"API routes integration POST /api/auth/register returns 500 when session regenerate fails","invocations":1,"location":null,"numPassingAsserts":3,"retryReasons":[],"startAt":1776347538677,"status":"passed","title":"POST /api/auth/register returns 500 when session regenerate fails"},{"ancestorTitles":["API routes integration"],"duration":8,"failing":false,"failureDetails":[],"failureMessages":[],"fullName":"API routes integration POST /api/auth/login returns public user","invocations":1,"location":null,"numPassingAsserts":3,"retryReasons":[],"startAt":1776347538686,"status":"passed","title":"POST /api/auth/login returns public user"},{"ancestorTitles":["API routes integration"],"duration":12,"failing":false,"failureDetails":[],"failureMessages":[],"fullName":"API routes integration POST /api/auth/login forwards service errors","invocations":1,"location":null,"numPassingAsserts":2,"retryReasons":[],"startAt":1776347538694,"status":"passed","title":"POST /api/auth/login forwards service errors"},{"ancestorTitles":["API routes integration"],"duration":8,"failing":false,"failureDetails":[],"failureMessages":[],"fullName":"API routes integration POST /api/auth/logout returns 204 without session","invocations":1,"location":null,"numPassingAsserts":2,"retryReasons":[],"startAt":1776347538706,"status":"passed","title":"POST /api/auth/logout returns 204 without session"},{"ancestorTitles":["API routes integration"],"duration":8,"failing":false,"failureDetails":[],"failureMessages":[],"fullName":"API routes integration POST /api/auth/logout returns 500 when session destroy fails","invocations":1,"location":null,"numPassingAsserts":2,"retryReasons":[],"startAt":1776347538714,"status":"passed","title":"POST /api/auth/logout returns 500 when session destroy fails"},{"ancestorTitles":["API routes integration"],"duration":12,"failing":false,"failureDetails":[],"failureMessages":[],"fullName":"API routes integration POST /api/auth/logout destroys session successfully","invocations":1,"location":null,"numPassingAsserts":1,"retryReasons":[],"startAt":1776347538722,"status":"passed","title":"POST /api/auth/logout destroys session successfully"},{"ancestorTitles":["API routes integration"],"duration":9,"failing":false,"failureDetails":[],"failureMessages":[],"fullName":"API routes integration GET /api/auth/me rejects unauthenticated requests","invocations":1,"location":null,"numPassingAsserts":2,"retryReasons":[],"startAt":1776347538735,"status":"passed","title":"GET /api/auth/me rejects unauthenticated requests"},{"ancestorTitles":["API routes integration"],"duration":9,"failing":false,"failureDetails":[],"failureMessages":[],"fullName":"API routes integration GET /api/auth/me returns current user for authenticated session","invocations":1,"location":null,"numPassingAsserts":3,"retryReasons":[],"startAt":1776347538745,"status":"passed","title":"GET /api/auth/me returns current user for authenticated session"},{"ancestorTitles":["API routes integration"],"duration":9,"failing":false,"failureDetails":[],"failureMessages":[],"fullName":"API routes integration GET /api/items/search requires authentication","invocations":1,"location":null,"numPassingAsserts":2,"retryReasons":[],"startAt":1776347538754,"status":"passed","title":"GET /api/items/search requires authentication"},{"ancestorTitles":["API routes integration"],"duration":7,"failing":false,"failureDetails":[],"failureMessages":[],"fullName":"API routes integration GET /api/items/search returns mocked search payload","invocations":1,"location":null,"numPassingAsserts":3,"retryReasons":[],"startAt":1776347538764,"status":"passed","title":"GET /api/items/search returns mocked search payload"},{"ancestorTitles":["API routes integration"],"duration":5,"failing":false,"failureDetails":[],"failureMessages":[],"fullName":"API routes integration POST /api/items creates item for authenticated user","invocations":1,"location":null,"numPassingAsserts":3,"retryReasons":[],"startAt":1776347538771,"status":"passed","title":"POST /api/items creates item for authenticated user"},{"ancestorTitles":["API routes integration"],"duration":5,"failing":false,"failureDetails":[],"failureMessages":[],"fullName":"API routes integration POST /api/items cleans up uploaded file when service throws","invocations":1,"location":null,"numPassingAsserts":2,"retryReasons":[],"startAt":1776347538776,"status":"passed","title":"POST /api/items cleans up uploaded file when service throws"},{"ancestorTitles":["API routes integration"],"duration":6,"failing":false,"failureDetails":[],"failureMessages":[],"fullName":"API routes integration POST /api/items skips cleanup when no uploaded file exists","invocations":1,"location":null,"numPassingAsserts":2,"retryReasons":[],"startAt":1776347538781,"status":"passed","title":"POST /api/items skips cleanup when no uploaded file exists"},{"ancestorTitles":["API routes integration"],"duration":6,"failing":false,"failureDetails":[],"failureMessages":[],"fullName":"API routes integration POST /api/items ignores cleanup failures and still returns original error","invocations":1,"location":null,"numPassingAsserts":2,"retryReasons":[],"startAt":1776347538787,"status":"passed","title":"POST /api/items ignores cleanup failures and still returns original error"},{"ancestorTitles":["API routes integration"],"duration":4,"failing":false,"failureDetails":[],"failureMessages":[],"fullName":"API routes integration GET /api/items/:itemId returns item details","invocations":1,"location":null,"numPassingAsserts":3,"retryReasons":[],"startAt":1776347538793,"status":"passed","title":"GET /api/items/:itemId returns item details"},{"ancestorTitles":["API routes integration"],"duration":5,"failing":false,"failureDetails":[],"failureMessages":[],"fullName":"API routes integration GET /api/items/:itemId/matches returns item matches","invocations":1,"location":null,"numPassingAsserts":4,"retryReasons":[],"startAt":1776347538798,"status":"passed","title":"GET /api/items/:itemId/matches returns item matches"},{"ancestorTitles":["API routes integration"],"duration":5,"failing":false,"failureDetails":[],"failureMessages":[],"fullName":"API routes integration GET /api/items/:itemId forwards service errors","invocations":1,"location":null,"numPassingAsserts":2,"retryReasons":[],"startAt":1776347538803,"status":"passed","title":"GET /api/items/:itemId forwards service errors"},{"ancestorTitles":["API routes integration"],"duration":4,"failing":false,"failureDetails":[],"failureMessages":[],"fullName":"API routes integration PATCH /api/items/:itemId/status updates status","invocations":1,"location":null,"numPassingAsserts":3,"retryReasons":[],"startAt":1776347538808,"status":"passed","title":"PATCH /api/items/:itemId/status updates status"},{"ancestorTitles":["API routes integration"],"duration":6,"failing":false,"failureDetails":[],"failureMessages":[],"fullName":"API routes integration PATCH /api/items/:itemId/status forwards service errors","invocations":1,"location":null,"numPassingAsserts":2,"retryReasons":[],"startAt":1776347538813,"status":"passed","title":"PATCH /api/items/:itemId/status forwards service errors"},{"ancestorTitles":["API routes integration"],"duration":6,"failing":false,"failureDetails":[],"failureMessages":[],"fullName":"API routes integration PATCH /api/items/:itemId updates item","invocations":1,"location":null,"numPassingAsserts":2,"retryReasons":[],"startAt":1776347538819,"status":"passed","title":"PATCH /api/items/:itemId updates item"},{"ancestorTitles":["API routes integration"],"duration":5,"failing":false,"failureDetails":[],"failureMessages":[],"fullName":"API routes integration PATCH /api/items/:itemId cleans up uploaded file on update failure","invocations":1,"location":null,"numPassingAsserts":2,"retryReasons":[],"startAt":1776347538825,"status":"passed","title":"PATCH /api/items/:itemId cleans up uploaded file on update failure"},{"ancestorTitles":["API routes integration"],"duration":5,"failing":false,"failureDetails":[],"failureMessages":[],"fullName":"API routes integration PATCH /api/items/:itemId skips cleanup when no file exists","invocations":1,"location":null,"numPassingAsserts":2,"retryReasons":[],"startAt":1776347538830,"status":"passed","title":"PATCH /api/items/:itemId skips cleanup when no file exists"},{"ancestorTitles":["API routes integration"],"duration":4,"failing":false,"failureDetails":[],"failureMessages":[],"fullName":"API routes integration DELETE /api/items/:itemId deletes item","invocations":1,"location":null,"numPassingAsserts":2,"retryReasons":[],"startAt":1776347538835,"status":"passed","title":"DELETE /api/items/:itemId deletes item"},{"ancestorTitles":["API routes integration"],"duration":4,"failing":false,"failureDetails":[],"failureMessages":[],"fullName":"API routes integration DELETE /api/items/:itemId forwards service errors","invocations":1,"location":null,"numPassingAsserts":2,"retryReasons":[],"startAt":1776347538839,"status":"passed","title":"DELETE /api/items/:itemId forwards service errors"},{"ancestorTitles":["API routes integration"],"duration":4,"failing":false,"failureDetails":[],"failureMessages":[],"fullName":"API routes integration GET /api/items/search preserves error contract from app error handler","invocations":1,"location":null,"numPassingAsserts":2,"retryReasons":[],"startAt":1776347538843,"status":"passed","title":"GET /api/items/search preserves error contract from app error handler"},{"ancestorTitles":["API routes integration"],"duration":5,"failing":false,"failureDetails":[],"failureMessages":[],"fullName":"API routes integration POST /api/moderation/items/:itemId/remove rejects non-admin users","invocations":1,"location":null,"numPassingAsserts":2,"retryReasons":[],"startAt":1776347538848,"status":"passed","title":"POST /api/moderation/items/:itemId/remove rejects non-admin users"},{"ancestorTitles":["API routes integration"],"duration":4,"failing":false,"failureDetails":[],"failureMessages":[],"fullName":"API routes integration POST /api/moderation/items/:itemId/remove accepts admin users","invocations":1,"location":null,"numPassingAsserts":3,"retryReasons":[],"startAt":1776347538854,"status":"passed","title":"POST /api/moderation/items/:itemId/remove accepts admin users"},{"ancestorTitles":["API routes integration"],"duration":4,"failing":false,"failureDetails":[],"failureMessages":[],"fullName":"API routes integration POST /api/moderation/items/:itemId/remove forwards service errors","invocations":1,"location":null,"numPassingAsserts":2,"retryReasons":[],"startAt":1776347538859,"status":"passed","title":"POST /api/moderation/items/:itemId/remove forwards service errors"},{"ancestorTitles":["API routes integration"],"duration":4,"failing":false,"failureDetails":[],"failureMessages":[],"fullName":"API routes integration returns 404 route contract for unknown API endpoint","invocations":1,"location":null,"numPassingAsserts":2,"retryReasons":[],"startAt":1776347538863,"status":"passed","title":"returns 404 route contract for unknown API endpoint"},{"ancestorTitles":["API routes integration"],"duration":4,"failing":false,"failureDetails":[],"failureMessages":[],"fullName":"API routes integration returns 403 when origin is not allowed by CORS policy","invocations":1,"location":null,"numPassingAsserts":2,"retryReasons":[],"startAt":1776347538868,"status":"passed","title":"returns 403 when origin is not allowed by CORS policy"},{"ancestorTitles":["API routes integration"],"duration":4,"failing":false,"failureDetails":[],"failureMessages":[],"fullName":"API routes integration returns 500 fallback contract for unexpected errors","invocations":1,"location":null,"numPassingAsserts":2,"retryReasons":[],"startAt":1776347538872,"status":"passed","title":"returns 500 fallback contract for unexpected errors"},{"ancestorTitles":["API routes integration"],"duration":4,"failing":false,"failureDetails":[],"failureMessages":[],"fullName":"API routes integration returns fixed payload for LIMIT_FILE_SIZE errors","invocations":1,"location":null,"numPassingAsserts":2,"retryReasons":[],"startAt":1776347538876,"status":"passed","title":"returns fixed payload for LIMIT_FILE_SIZE errors"},{"ancestorTitles":["API routes integration"],"duration":6,"failing":false,"failureDetails":[],"failureMessages":[],"fullName":"API routes integration GET /api/auth/me bubbles service errors","invocations":1,"location":null,"numPassingAsserts":2,"retryReasons":[],"startAt":1776347538880,"status":"passed","title":"GET /api/auth/me bubbles service errors"}],"endTime":1776347538887,"message":"","name":"C:\\Users\\memo_\\Desktop\\Projeler\\matchproof\\tests\\server\\routes\\api.routes.integration.test.js","startTime":1776347538259,"status":"passed","summary":""},{"assertionResults":[{"ancestorTitles":["PostFormPage component"],"duration":103,"failing":false,"failureDetails":[],"failureMessages":[],"fullName":"PostFormPage component shows validation errors for missing required fields","invocations":1,"location":null,"numPassingAsserts":2,"retryReasons":[],"startAt":1776347539031,"status":"passed","title":"shows validation errors for missing required fields"},{"ancestorTitles":["PostFormPage component"],"duration":135,"failing":false,"failureDetails":[],"failureMessages":[],"fullName":"PostFormPage component creates post and navigates to detail page","invocations":1,"location":null,"numPassingAsserts":4,"retryReasons":[],"startAt":1776347539134,"status":"passed","title":"creates post and navigates to detail page"},{"ancestorTitles":["PostFormPage component"],"duration":63,"failing":false,"failureDetails":[],"failureMessages":[],"fullName":"PostFormPage component forces private mode for sensitive ID Card category in the form","invocations":1,"location":null,"numPassingAsserts":3,"retryReasons":[],"startAt":1776347539269,"status":"passed","title":"forces private mode for sensitive ID Card category in the form"},{"ancestorTitles":["PostFormPage component"],"duration":155,"failing":false,"failureDetails":[],"failureMessages":[],"fullName":"PostFormPage component loads item in edit mode and saves changes","invocations":1,"location":null,"numPassingAsserts":5,"retryReasons":[],"startAt":1776347539332,"status":"passed","title":"loads item in edit mode and saves changes"}],"endTime":1776347539488,"message":"","name":"C:\\Users\\memo_\\Desktop\\Projeler\\matchproof\\tests\\client\\pages\\PostFormPage.test.jsx","startTime":1776347538902,"status":"passed","summary":""},{"assertionResults":[{"ancestorTitles":["SearchPage component"],"duration":59,"failing":false,"failureDetails":[],"failureMessages":[],"fullName":"SearchPage component renders page header and default search inputs","invocations":1,"location":null,"numPassingAsserts":4,"retryReasons":[],"startAt":1776347539625,"status":"passed","title":"renders page header and default search inputs"},{"ancestorTitles":["SearchPage component"],"duration":47,"failing":false,"failureDetails":[],"failureMessages":[],"fullName":"SearchPage component displays fetched items on load","invocations":1,"location":null,"numPassingAsserts":2,"retryReasons":[],"startAt":1776347539684,"status":"passed","title":"displays fetched items on load"},{"ancestorTitles":["SearchPage component"],"duration":41,"failing":false,"failureDetails":[],"failureMessages":[],"fullName":"SearchPage component navigates to item details when clicking an item card","invocations":1,"location":null,"numPassingAsserts":2,"retryReasons":[],"startAt":1776347539731,"status":"passed","title":"navigates to item details when clicking an item card"},{"ancestorTitles":["SearchPage component"],"duration":43,"failing":false,"failureDetails":[],"failureMessages":[],"fullName":"SearchPage component handles search API failure gracefully","invocations":1,"location":null,"numPassingAsserts":1,"retryReasons":[],"startAt":1776347539772,"status":"passed","title":"handles search API failure gracefully"},{"ancestorTitles":["SearchPage component"],"duration":51,"failing":false,"failureDetails":[],"failureMessages":[],"fullName":"SearchPage component applies draft filters when clicking Find","invocations":1,"location":null,"numPassingAsserts":3,"retryReasons":[],"startAt":1776347539816,"status":"passed","title":"applies draft filters when clicking Find"},{"ancestorTitles":["SearchPage component"],"duration":94,"failing":false,"failureDetails":[],"failureMessages":[],"fullName":"SearchPage component loads next page when pagination button is clicked","invocations":1,"location":null,"numPassingAsserts":4,"retryReasons":[],"startAt":1776347539867,"status":"passed","title":"loads next page when pagination button is clicked"}],"endTime":1776347539962,"message":"","name":"C:\\Users\\memo_\\Desktop\\Projeler\\matchproof\\tests\\client\\pages\\SearchPage.test.jsx","startTime":1776347539502,"status":"passed","summary":""},{"assertionResults":[{"ancestorTitles":["migrate service"],"duration":1,"failing":false,"failureDetails":[],"failureMessages":[],"fullName":"migrate service getMigrationFiles returns sorted .sql file names only","invocations":1,"location":null,"numPassingAsserts":1,"retryReasons":[],"startAt":1776347540022,"status":"passed","title":"getMigrationFiles returns sorted .sql file names only"},{"ancestorTitles":["migrate service"],"duration":0,"failing":false,"failureDetails":[],"failureMessages":[],"fullName":"migrate service getAppliedMigrations returns filename set from schema_migrations table","invocations":1,"location":null,"numPassingAsserts":2,"retryReasons":[],"startAt":1776347540024,"status":"passed","title":"getAppliedMigrations returns filename set from schema_migrations table"},{"ancestorTitles":["migrate service"],"duration":2,"failing":false,"failureDetails":[],"failureMessages":[],"fullName":"migrate service runMigrations applies only unapplied files and commits","invocations":1,"location":null,"numPassingAsserts":8,"retryReasons":[],"startAt":1776347540024,"status":"passed","title":"runMigrations applies only unapplied files and commits"},{"ancestorTitles":["migrate service"],"duration":13,"failing":false,"failureDetails":[],"failureMessages":[],"fullName":"migrate service runMigrations rolls back and rethrows when migration query fails","invocations":1,"location":null,"numPassingAsserts":4,"retryReasons":[],"startAt":1776347540026,"status":"passed","title":"runMigrations rolls back and rethrows when migration query fails"},{"ancestorTitles":["migrate service"],"duration":276,"failing":false,"failureDetails":[],"failureMessages":[],"fullName":"migrate service CLI mode exits with code 1 and logs when migration run fails","invocations":1,"location":null,"numPassingAsserts":2,"retryReasons":[],"startAt":1776347540039,"status":"passed","title":"CLI mode exits with code 1 and logs when migration run fails"}],"endTime":1776347540317,"message":"","name":"C:\\Users\\memo_\\Desktop\\Projeler\\matchproof\\tests\\server\\services\\migrate.service.test.js","startTime":1776347539972,"status":"passed","summary":""},{"assertionResults":[{"ancestorTitles":["AdminPage component"],"duration":13,"failing":false,"failureDetails":[],"failureMessages":[],"fullName":"AdminPage component shows access denied for non-admin user","invocations":1,"location":null,"numPassingAsserts":2,"retryReasons":[],"startAt":1776347540469,"status":"passed","title":"shows access denied for non-admin user"},{"ancestorTitles":["AdminPage component"],"duration":46,"failing":false,"failureDetails":[],"failureMessages":[],"fullName":"AdminPage component loads and displays moderation items for admin","invocations":1,"location":null,"numPassingAsserts":4,"retryReasons":[],"startAt":1776347540482,"status":"passed","title":"loads and displays moderation items for admin"},{"ancestorTitles":["AdminPage component"],"duration":46,"failing":false,"failureDetails":[],"failureMessages":[],"fullName":"AdminPage component prevents removal without reason","invocations":1,"location":null,"numPassingAsserts":3,"retryReasons":[],"startAt":1776347540529,"status":"passed","title":"prevents removal without reason"},{"ancestorTitles":["AdminPage component"],"duration":68,"failing":false,"failureDetails":[],"failureMessages":[],"fullName":"AdminPage component removes post with reason and refreshes list","invocations":1,"location":null,"numPassingAsserts":5,"retryReasons":[],"startAt":1776347540575,"status":"passed","title":"removes post with reason and refreshes list"}],"endTime":1776347540644,"message":"","name":"C:\\Users\\memo_\\Desktop\\Projeler\\matchproof\\tests\\client\\pages\\AdminPage.test.jsx","startTime":1776347540334,"status":"passed","summary":""},{"assertionResults":[{"ancestorTitles":["AuthPage component"],"duration":32,"failing":false,"failureDetails":[],"failureMessages":[],"fullName":"AuthPage component renders login form by default","invocations":1,"location":null,"numPassingAsserts":5,"retryReasons":[],"startAt":1776347540802,"status":"passed","title":"renders login form by default"},{"ancestorTitles":["AuthPage component"],"duration":28,"failing":false,"failureDetails":[],"failureMessages":[],"fullName":"AuthPage component switches to register form when tab is clicked","invocations":1,"location":null,"numPassingAsserts":1,"retryReasons":[],"startAt":1776347540834,"status":"passed","title":"switches to register form when tab is clicked"},{"ancestorTitles":["AuthPage component"],"duration":52,"failing":false,"failureDetails":[],"failureMessages":[],"fullName":"AuthPage component calls login function on submit and navigates","invocations":1,"location":null,"numPassingAsserts":3,"retryReasons":[],"startAt":1776347540862,"status":"passed","title":"calls login function on submit and navigates"},{"ancestorTitles":["AuthPage component"],"duration":36,"failing":false,"failureDetails":[],"failureMessages":[],"fullName":"AuthPage component displays error message if login fails","invocations":1,"location":null,"numPassingAsserts":3,"retryReasons":[],"startAt":1776347540915,"status":"passed","title":"displays error message if login fails"}],"endTime":1776347540952,"message":"","name":"C:\\Users\\memo_\\Desktop\\Projeler\\matchproof\\tests\\client\\pages\\AuthPage.test.jsx","startTime":1776347540661,"status":"passed","summary":""},{"assertionResults":[{"ancestorTitles":["AuthContext"],"duration":27,"failing":false,"failureDetails":[],"failureMessages":[],"fullName":"AuthContext initially checks session and sets user","invocations":1,"location":null,"numPassingAsserts":2,"retryReasons":[],"startAt":1776347541109,"status":"passed","title":"initially checks session and sets user"},{"ancestorTitles":["AuthContext"],"duration":21,"failing":false,"failureDetails":[],"failureMessages":[],"fullName":"AuthContext sets user to null if initial check fails","invocations":1,"location":null,"numPassingAsserts":1,"retryReasons":[],"startAt":1776347541137,"status":"passed","title":"sets user to null if initial check fails"},{"ancestorTitles":["AuthContext"],"duration":61,"failing":false,"failureDetails":[],"failureMessages":[],"fullName":"AuthContext updates state on login, register, logout","invocations":1,"location":null,"numPassingAsserts":4,"retryReasons":[],"startAt":1776347541158,"status":"passed","title":"updates state on login, register, logout"}],"endTime":1776347541220,"message":"","name":"C:\\Users\\memo_\\Desktop\\Projeler\\matchproof\\tests\\client\\context\\AuthContext.test.jsx","startTime":1776347540968,"status":"passed","summary":""},{"assertionResults":[{"ancestorTitles":["Header"],"duration":20,"failing":false,"failureDetails":[],"failureMessages":[],"fullName":"Header renders login button when user is not authenticated","invocations":1,"location":null,"numPassingAsserts":4,"retryReasons":[],"startAt":1776347541446,"status":"passed","title":"renders login button when user is not authenticated"},{"ancestorTitles":["Header"],"duration":10,"failing":false,"failureDetails":[],"failureMessages":[],"fullName":"Header renders user details and nav links when authenticated","invocations":1,"location":null,"numPassingAsserts":6,"retryReasons":[],"startAt":1776347541466,"status":"passed","title":"renders user details and nav links when authenticated"},{"ancestorTitles":["Header"],"duration":11,"failing":false,"failureDetails":[],"failureMessages":[],"fullName":"Header renders Admin link when user is admin","invocations":1,"location":null,"numPassingAsserts":1,"retryReasons":[],"startAt":1776347541477,"status":"passed","title":"renders Admin link when user is admin"},{"ancestorTitles":["Header"],"duration":26,"failing":false,"failureDetails":[],"failureMessages":[],"fullName":"Header calls logout and navigates to login on Logout click","invocations":1,"location":null,"numPassingAsserts":3,"retryReasons":[],"startAt":1776347541489,"status":"passed","title":"calls logout and navigates to login on Logout click"}],"endTime":1776347541516,"message":"","name":"C:\\Users\\memo_\\Desktop\\Projeler\\matchproof\\tests\\client\\components\\Header.test.jsx","startTime":1776347541246,"status":"passed","summary":""},{"assertionResults":[{"ancestorTitles":["db service"],"duration":109,"failing":false,"failureDetails":[],"failureMessages":[],"fullName":"db service creates pool with non-production ssl disabled and proxies query","invocations":1,"location":null,"numPassingAsserts":2,"retryReasons":[],"startAt":1776347541572,"status":"passed","title":"creates pool with non-production ssl disabled and proxies query"},{"ancestorTitles":["db service"],"duration":28,"failing":false,"failureDetails":[],"failureMessages":[],"fullName":"db service enables ssl in production and healthCheck executes SELECT 1","invocations":1,"location":null,"numPassingAsserts":2,"retryReasons":[],"startAt":1776347541682,"status":"passed","title":"enables ssl in production and healthCheck executes SELECT 1"}],"endTime":1776347541711,"message":"","name":"C:\\Users\\memo_\\Desktop\\Projeler\\matchproof\\tests\\server\\services\\db.service.test.js","startTime":1776347541523,"status":"passed","summary":""},{"assertionResults":[{"ancestorTitles":["upload service"],"duration":47,"failing":false,"failureDetails":[],"failureMessages":[],"fullName":"upload service toPublicImageUrl returns uploads path","invocations":1,"location":null,"numPassingAsserts":1,"retryReasons":[],"startAt":1776347541760,"status":"passed","title":"toPublicImageUrl returns uploads path"},{"ancestorTitles":["upload service"],"duration":14,"failing":false,"failureDetails":[],"failureMessages":[],"fullName":"upload service deleteStoredImage skips when filename is empty","invocations":1,"location":null,"numPassingAsserts":1,"retryReasons":[],"startAt":1776347541808,"status":"passed","title":"deleteStoredImage skips when filename is empty"},{"ancestorTitles":["upload service"],"duration":15,"failing":false,"failureDetails":[],"failureMessages":[],"fullName":"upload service deleteStoredImage ignores ENOENT errors","invocations":1,"location":null,"numPassingAsserts":1,"retryReasons":[],"startAt":1776347541823,"status":"passed","title":"deleteStoredImage ignores ENOENT errors"},{"ancestorTitles":["upload service"],"duration":18,"failing":false,"failureDetails":[],"failureMessages":[],"fullName":"upload service deleteStoredImage rethrows non-ENOENT errors","invocations":1,"location":null,"numPassingAsserts":1,"retryReasons":[],"startAt":1776347541838,"status":"passed","title":"deleteStoredImage rethrows non-ENOENT errors"},{"ancestorTitles":["upload service"],"duration":20,"failing":false,"failureDetails":[],"failureMessages":[],"fullName":"upload service deleteUploadedFile delegates to deleteStoredImage","invocations":1,"location":null,"numPassingAsserts":1,"retryReasons":[],"startAt":1776347541857,"status":"passed","title":"deleteUploadedFile delegates to deleteStoredImage"},{"ancestorTitles":["upload service"],"duration":16,"failing":false,"failureDetails":[],"failureMessages":[],"fullName":"upload service singleImageUpload middleware is exposed as a function","invocations":1,"location":null,"numPassingAsserts":1,"retryReasons":[],"startAt":1776347541877,"status":"passed","title":"singleImageUpload middleware is exposed as a function"},{"ancestorTitles":["upload service multer configuration"],"duration":6,"failing":false,"failureDetails":[],"failureMessages":[],"fullName":"upload service multer configuration configures storage filename and accepts allowed mimetype","invocations":1,"location":null,"numPassingAsserts":4,"retryReasons":[],"startAt":1776347541894,"status":"passed","title":"configures storage filename and accepts allowed mimetype"},{"ancestorTitles":["upload service multer configuration"],"duration":2,"failing":false,"failureDetails":[],"failureMessages":[],"fullName":"upload service multer configuration rejects unsupported mimetype with INVALID_FILE_TYPE","invocations":1,"location":null,"numPassingAsserts":2,"retryReasons":[],"startAt":1776347541900,"status":"passed","title":"rejects unsupported mimetype with INVALID_FILE_TYPE"},{"ancestorTitles":["upload service multer configuration"],"duration":3,"failing":false,"failureDetails":[],"failureMessages":[],"fullName":"upload service multer configuration uses configured upload directory for destination","invocations":1,"location":null,"numPassingAsserts":2,"retryReasons":[],"startAt":1776347541903,"status":"passed","title":"uses configured upload directory for destination"}],"endTime":1776347541907,"message":"","name":"C:\\Users\\memo_\\Desktop\\Projeler\\matchproof\\tests\\server\\services\\upload.service.test.js","startTime":1776347541722,"status":"passed","summary":""},{"assertionResults":[{"ancestorTitles":["ToastContext"],"duration":54,"failing":false,"failureDetails":[],"failureMessages":[],"fullName":"ToastContext shows and hides success toast after 3500ms","invocations":1,"location":null,"numPassingAsserts":4,"retryReasons":[],"startAt":1776347542030,"status":"passed","title":"shows and hides success toast after 3500ms"},{"ancestorTitles":["ToastContext"],"duration":8,"failing":false,"failureDetails":[],"failureMessages":[],"fullName":"ToastContext shows error toast","invocations":1,"location":null,"numPassingAsserts":1,"retryReasons":[],"startAt":1776347542085,"status":"passed","title":"shows error toast"}],"endTime":1776347542094,"message":"","name":"C:\\Users\\memo_\\Desktop\\Projeler\\matchproof\\tests\\client\\context\\ToastContext.test.jsx","startTime":1776347541920,"status":"passed","summary":""},{"assertionResults":[{"ancestorTitles":["Frontend API Layer","Core Request Behaviors"],"duration":2,"failing":false,"failureDetails":[],"failureMessages":[],"fullName":"Frontend API Layer Core Request Behaviors returns null on 204 response","invocations":1,"location":null,"numPassingAsserts":2,"retryReasons":[],"startAt":1776347542219,"status":"passed","title":"returns null on 204 response"},{"ancestorTitles":["Frontend API Layer","Core Request Behaviors"],"duration":9,"failing":false,"failureDetails":[],"failureMessages":[],"fullName":"Frontend API Layer Core Request Behaviors throws error when response is not ok","invocations":1,"location":null,"numPassingAsserts":1,"retryReasons":[],"startAt":1776347542222,"status":"passed","title":"throws error when response is not ok"},{"ancestorTitles":["Frontend API Layer","Core Request Behaviors"],"duration":2,"failing":false,"failureDetails":[],"failureMessages":[],"fullName":"Frontend API Layer Core Request Behaviors throws fallback error when response is not ok and no error message provided","invocations":1,"location":null,"numPassingAsserts":1,"retryReasons":[],"startAt":1776347542231,"status":"passed","title":"throws fallback error when response is not ok and no error message provided"},{"ancestorTitles":["Frontend API Layer","Core Request Behaviors"],"duration":3,"failing":false,"failureDetails":[],"failureMessages":[],"fullName":"Frontend API Layer Core Request Behaviors sends FormData properly","invocations":1,"location":null,"numPassingAsserts":3,"retryReasons":[],"startAt":1776347542233,"status":"passed","title":"sends FormData properly"},{"ancestorTitles":["Frontend API Layer","Auth API"],"duration":1,"failing":false,"failureDetails":[],"failureMessages":[],"fullName":"Frontend API Layer Auth API register","invocations":1,"location":null,"numPassingAsserts":1,"retryReasons":[],"startAt":1776347542236,"status":"passed","title":"register"},{"ancestorTitles":["Frontend API Layer","Auth API"],"duration":0,"failing":false,"failureDetails":[],"failureMessages":[],"fullName":"Frontend API Layer Auth API login","invocations":1,"location":null,"numPassingAsserts":1,"retryReasons":[],"startAt":1776347542238,"status":"passed","title":"login"},{"ancestorTitles":["Frontend API Layer","Auth API"],"duration":1,"failing":false,"failureDetails":[],"failureMessages":[],"fullName":"Frontend API Layer Auth API me","invocations":1,"location":null,"numPassingAsserts":1,"retryReasons":[],"startAt":1776347542238,"status":"passed","title":"me"},{"ancestorTitles":["Frontend API Layer","Items API"],"duration":3,"failing":false,"failureDetails":[],"failureMessages":[],"fullName":"Frontend API Layer Items API search with params","invocations":1,"location":null,"numPassingAsserts":1,"retryReasons":[],"startAt":1776347542239,"status":"passed","title":"search with params"},{"ancestorTitles":["Frontend API Layer","Items API"],"duration":1,"failing":false,"failureDetails":[],"failureMessages":[],"fullName":"Frontend API Layer Items API search without params","invocations":1,"location":null,"numPassingAsserts":1,"retryReasons":[],"startAt":1776347542242,"status":"passed","title":"search without params"},{"ancestorTitles":["Frontend API Layer","Items API"],"duration":1,"failing":false,"failureDetails":[],"failureMessages":[],"fullName":"Frontend API Layer Items API get","invocations":1,"location":null,"numPassingAsserts":1,"retryReasons":[],"startAt":1776347542243,"status":"passed","title":"get"},{"ancestorTitles":["Frontend API Layer","Items API"],"duration":1,"failing":false,"failureDetails":[],"failureMessages":[],"fullName":"Frontend API Layer Items API create without image","invocations":1,"location":null,"numPassingAsserts":1,"retryReasons":[],"startAt":1776347542244,"status":"passed","title":"create without image"},{"ancestorTitles":["Frontend API Layer","Items API"],"duration":2,"failing":false,"failureDetails":[],"failureMessages":[],"fullName":"Frontend API Layer Items API update","invocations":1,"location":null,"numPassingAsserts":2,"retryReasons":[],"startAt":1776347542245,"status":"passed","title":"update"},{"ancestorTitles":["Frontend API Layer","Items API"],"duration":2,"failing":false,"failureDetails":[],"failureMessages":[],"fullName":"Frontend API Layer Items API delete","invocations":1,"location":null,"numPassingAsserts":1,"retryReasons":[],"startAt":1776347542247,"status":"passed","title":"delete"},{"ancestorTitles":["Frontend API Layer","Items API"],"duration":1,"failing":false,"failureDetails":[],"failureMessages":[],"fullName":"Frontend API Layer Items API updateStatus","invocations":1,"location":null,"numPassingAsserts":1,"retryReasons":[],"startAt":1776347542249,"status":"passed","title":"updateStatus"},{"ancestorTitles":["Frontend API Layer","Items API"],"duration":1,"failing":false,"failureDetails":[],"failureMessages":[],"fullName":"Frontend API Layer Items API getMatches","invocations":1,"location":null,"numPassingAsserts":1,"retryReasons":[],"startAt":1776347542250,"status":"passed","title":"getMatches"},{"ancestorTitles":["Frontend API Layer","Moderation API"],"duration":1,"failing":false,"failureDetails":[],"failureMessages":[],"fullName":"Frontend API Layer Moderation API removePost","invocations":1,"location":null,"numPassingAsserts":1,"retryReasons":[],"startAt":1776347542251,"status":"passed","title":"removePost"}],"endTime":1776347542253,"message":"","name":"C:\\Users\\memo_\\Desktop\\Projeler\\matchproof\\tests\\client\\api\\api.test.js","startTime":1776347542115,"status":"passed","summary":""},{"assertionResults":[{"ancestorTitles":["App"],"duration":10,"failing":false,"failureDetails":[],"failureMessages":[],"fullName":"App renders App providers and routes without crashing","invocations":1,"location":null,"numPassingAsserts":5,"retryReasons":[],"startAt":1776347542417,"status":"passed","title":"renders App providers and routes without crashing"}],"endTime":1776347542428,"message":"","name":"C:\\Users\\memo_\\Desktop\\Projeler\\matchproof\\tests\\client\\App.test.jsx","startTime":1776347542269,"status":"passed","summary":""},{"assertionResults":[{"ancestorTitles":["items.service"],"duration":3,"failing":false,"failureDetails":[],"failureMessages":[],"fullName":"items.service createItem validates payload and returns mapped item","invocations":1,"location":null,"numPassingAsserts":3,"retryReasons":[],"startAt":1776347542493,"status":"passed","title":"createItem validates payload and returns mapped item"},{"ancestorTitles":["items.service"],"duration":2,"failing":false,"failureDetails":[],"failureMessages":[],"fullName":"items.service createItem rejects invalid itemType","invocations":1,"location":null,"numPassingAsserts":2,"retryReasons":[],"startAt":1776347542496,"status":"passed","title":"createItem rejects invalid itemType"},{"ancestorTitles":["items.service"],"duration":1,"failing":false,"failureDetails":[],"failureMessages":[],"fullName":"items.service createItem stores null imagePath when no file is provided","invocations":1,"location":null,"numPassingAsserts":2,"retryReasons":[],"startAt":1776347542498,"status":"passed","title":"createItem stores null imagePath when no file is provided"},{"ancestorTitles":["items.service"],"duration":1,"failing":false,"failureDetails":[],"failureMessages":[],"fullName":"items.service createItem parses isPrivate truthy variants to true","invocations":1,"location":null,"numPassingAsserts":1,"retryReasons":[],"startAt":1776347542499,"status":"passed","title":"createItem parses isPrivate truthy variants to true"},{"ancestorTitles":["items.service"],"duration":1,"failing":false,"failureDetails":[],"failureMessages":[],"fullName":"items.service createItem forces private mode for sensitive ID Card posts","invocations":1,"location":null,"numPassingAsserts":1,"retryReasons":[],"startAt":1776347542500,"status":"passed","title":"createItem forces private mode for sensitive ID Card posts"},{"ancestorTitles":["items.service"],"duration":1,"failing":false,"failureDetails":[],"failureMessages":[],"fullName":"items.service getItemById hides removed item from non-owner/non-admin","invocations":1,"location":null,"numPassingAsserts":1,"retryReasons":[],"startAt":1776347542501,"status":"passed","title":"getItemById hides removed item from non-owner/non-admin"},{"ancestorTitles":["items.service"],"duration":1,"failing":false,"failureDetails":[],"failureMessages":[],"fullName":"items.service getItemById returns removed item for owner","invocations":1,"location":null,"numPassingAsserts":2,"retryReasons":[],"startAt":1776347542502,"status":"passed","title":"getItemById returns removed item for owner"},{"ancestorTitles":["items.service"],"duration":0,"failing":false,"failureDetails":[],"failureMessages":[],"fullName":"items.service getItemById rejects invalid id values","invocations":1,"location":null,"numPassingAsserts":1,"retryReasons":[],"startAt":1776347542503,"status":"passed","title":"getItemById rejects invalid id values"},{"ancestorTitles":["items.service"],"duration":0,"failing":false,"failureDetails":[],"failureMessages":[],"fullName":"items.service getItemById returns not found when item does not exist","invocations":1,"location":null,"numPassingAsserts":1,"retryReasons":[],"startAt":1776347542504,"status":"passed","title":"getItemById returns not found when item does not exist"},{"ancestorTitles":["items.service"],"duration":1,"failing":false,"failureDetails":[],"failureMessages":[],"fullName":"items.service getItemById allows removed item for admin","invocations":1,"location":null,"numPassingAsserts":1,"retryReasons":[],"startAt":1776347542504,"status":"passed","title":"getItemById allows removed item for admin"},{"ancestorTitles":["items.service"],"duration":1,"failing":false,"failureDetails":[],"failureMessages":[],"fullName":"items.service getItemById returns non-removed items regardless of requester role","invocations":1,"location":null,"numPassingAsserts":2,"retryReasons":[],"startAt":1776347542505,"status":"passed","title":"getItemById returns non-removed items regardless of requester role"},{"ancestorTitles":["items.service"],"duration":1,"failing":false,"failureDetails":[],"failureMessages":[],"fullName":"items.service searchItems validates and returns pagination envelope","invocations":1,"location":null,"numPassingAsserts":2,"retryReasons":[],"startAt":1776347542506,"status":"passed","title":"searchItems validates and returns pagination envelope"},{"ancestorTitles":["items.service"],"duration":1,"failing":false,"failureDetails":[],"failureMessages":[],"fullName":"items.service searchItems returns zero totalPages when there are no results","invocations":1,"location":null,"numPassingAsserts":2,"retryReasons":[],"startAt":1776347542507,"status":"passed","title":"searchItems returns zero totalPages when there are no results"},{"ancestorTitles":["items.service"],"duration":1,"failing":false,"failureDetails":[],"failureMessages":[],"fullName":"items.service searchItems validates query parameters and date rules","invocations":1,"location":null,"numPassingAsserts":7,"retryReasons":[],"startAt":1776347542508,"status":"passed","title":"searchItems validates query parameters and date rules"},{"ancestorTitles":["items.service"],"duration":0,"failing":false,"failureDetails":[],"failureMessages":[],"fullName":"items.service searchItems normalizes empty optional fields to null","invocations":1,"location":null,"numPassingAsserts":1,"retryReasons":[],"startAt":1776347542510,"status":"passed","title":"searchItems normalizes empty optional fields to null"},{"ancestorTitles":["items.service"],"duration":2,"failing":false,"failureDetails":[],"failureMessages":[],"fullName":"items.service updateItemStatus rejects invalid status transition","invocations":1,"location":null,"numPassingAsserts":2,"retryReasons":[],"startAt":1776347542511,"status":"passed","title":"updateItemStatus rejects invalid status transition"},{"ancestorTitles":["items.service"],"duration":1,"failing":false,"failureDetails":[],"failureMessages":[],"fullName":"items.service updateItemStatus rejects missing status value","invocations":1,"location":null,"numPassingAsserts":1,"retryReasons":[],"startAt":1776347542513,"status":"passed","title":"updateItemStatus rejects missing status value"},{"ancestorTitles":["items.service"],"duration":1,"failing":false,"failureDetails":[],"failureMessages":[],"fullName":"items.service updateItemStatus rejects invalid mutable status values","invocations":1,"location":null,"numPassingAsserts":1,"retryReasons":[],"startAt":1776347542515,"status":"passed","title":"updateItemStatus rejects invalid mutable status values"},{"ancestorTitles":["items.service"],"duration":1,"failing":false,"failureDetails":[],"failureMessages":[],"fullName":"items.service updateItemStatus rejects when status transition starts from removed","invocations":1,"location":null,"numPassingAsserts":1,"retryReasons":[],"startAt":1776347542516,"status":"passed","title":"updateItemStatus rejects when status transition starts from removed"},{"ancestorTitles":["items.service"],"duration":1,"failing":false,"failureDetails":[],"failureMessages":[],"fullName":"items.service updateItemStatus rejects when item is missing","invocations":1,"location":null,"numPassingAsserts":1,"retryReasons":[],"startAt":1776347542517,"status":"passed","title":"updateItemStatus rejects when item is missing"},{"ancestorTitles":["items.service"],"duration":1,"failing":false,"failureDetails":[],"failureMessages":[],"fullName":"items.service updateItemStatus updates valid transition","invocations":1,"location":null,"numPassingAsserts":1,"retryReasons":[],"startAt":1776347542518,"status":"passed","title":"updateItemStatus updates valid transition"},{"ancestorTitles":["items.service"],"duration":1,"failing":false,"failureDetails":[],"failureMessages":[],"fullName":"items.service updateItem replaces image and removes previous file","invocations":1,"location":null,"numPassingAsserts":2,"retryReasons":[],"startAt":1776347542519,"status":"passed","title":"updateItem replaces image and removes previous file"},{"ancestorTitles":["items.service"],"duration":1,"failing":false,"failureDetails":[],"failureMessages":[],"fullName":"items.service updateItem rejects removed items","invocations":1,"location":null,"numPassingAsserts":1,"retryReasons":[],"startAt":1776347542521,"status":"passed","title":"updateItem rejects removed items"},{"ancestorTitles":["items.service"],"duration":0,"failing":false,"failureDetails":[],"failureMessages":[],"fullName":"items.service updateItem rejects empty updates without file","invocations":1,"location":null,"numPassingAsserts":1,"retryReasons":[],"startAt":1776347542525,"status":"passed","title":"updateItem rejects empty updates without file"},{"ancestorTitles":["items.service"],"duration":1,"failing":false,"failureDetails":[],"failureMessages":[],"fullName":"items.service updateItem validates provided itemType and required fields","invocations":1,"location":null,"numPassingAsserts":2,"retryReasons":[],"startAt":1776347542526,"status":"passed","title":"updateItem validates provided itemType and required fields"},{"ancestorTitles":["items.service"],"duration":2,"failing":false,"failureDetails":[],"failureMessages":[],"fullName":"items.service updateItem updates with existing image when no new file is provided","invocations":1,"location":null,"numPassingAsserts":2,"retryReasons":[],"startAt":1776347542527,"status":"passed","title":"updateItem updates with existing image when no new file is provided"},{"ancestorTitles":["items.service"],"duration":2,"failing":false,"failureDetails":[],"failureMessages":[],"fullName":"items.service updateItem parses false-y isPrivate variants to false","invocations":1,"location":null,"numPassingAsserts":1,"retryReasons":[],"startAt":1776347542529,"status":"passed","title":"updateItem parses false-y isPrivate variants to false"},{"ancestorTitles":["items.service"],"duration":2,"failing":false,"failureDetails":[],"failureMessages":[],"fullName":"items.service updateItem keeps sensitive ID Card posts private even when unchecked","invocations":1,"location":null,"numPassingAsserts":1,"retryReasons":[],"startAt":1776347542531,"status":"passed","title":"updateItem keeps sensitive ID Card posts private even when unchecked"},{"ancestorTitles":["items.service"],"duration":1,"failing":false,"failureDetails":[],"failureMessages":[],"fullName":"items.service deleteItem enforces ownership","invocations":1,"location":null,"numPassingAsserts":2,"retryReasons":[],"startAt":1776347542533,"status":"passed","title":"deleteItem enforces ownership"},{"ancestorTitles":["items.service"],"duration":1,"failing":false,"failureDetails":[],"failureMessages":[],"fullName":"items.service deleteItem removes item and associated image","invocations":1,"location":null,"numPassingAsserts":2,"retryReasons":[],"startAt":1776347542535,"status":"passed","title":"deleteItem removes item and associated image"},{"ancestorTitles":["items.service"],"duration":1,"failing":false,"failureDetails":[],"failureMessages":[],"fullName":"items.service deleteItem does not delete image when item has no imagePath","invocations":1,"location":null,"numPassingAsserts":1,"retryReasons":[],"startAt":1776347542536,"status":"passed","title":"deleteItem does not delete image when item has no imagePath"}],"endTime":1776347542539,"message":"","name":"C:\\Users\\memo_\\Desktop\\Projeler\\matchproof\\tests\\server\\services\\items.service.test.js","startTime":1776347542436,"status":"passed","summary":""},{"assertionResults":[{"ancestorTitles":["main.jsx"],"duration":15,"failing":false,"failureDetails":[],"failureMessages":[],"fullName":"main.jsx calls createRoot and renders App","invocations":1,"location":null,"numPassingAsserts":2,"retryReasons":[],"startAt":1776347542689,"status":"passed","title":"calls createRoot and renders App"}],"endTime":1776347542705,"message":"","name":"C:\\Users\\memo_\\Desktop\\Projeler\\matchproof\\tests\\client\\main.test.jsx","startTime":1776347542562,"status":"passed","summary":""},{"assertionResults":[{"ancestorTitles":["matchingService AI Logic"],"duration":7,"failing":false,"failureDetails":[],"failureMessages":[],"fullName":"matchingService AI Logic getMatchesForItem calculates similarity and returns descending matches","invocations":1,"location":null,"numPassingAsserts":5,"retryReasons":[],"startAt":1776347542786,"status":"passed","title":"getMatchesForItem calculates similarity and returns descending matches"},{"ancestorTitles":["matchingService AI Logic"],"duration":27,"failing":false,"failureDetails":[],"failureMessages":[],"fullName":"matchingService AI Logic getMatchesForItem throws if item is not found","invocations":1,"location":null,"numPassingAsserts":1,"retryReasons":[],"startAt":1776347542794,"status":"passed","title":"getMatchesForItem throws if item is not found"},{"ancestorTitles":["matchingService AI Logic"],"duration":2,"failing":false,"failureDetails":[],"failureMessages":[],"fullName":"matchingService AI Logic getMatchesForItem throws if item is removed","invocations":1,"location":null,"numPassingAsserts":1,"retryReasons":[],"startAt":1776347542821,"status":"passed","title":"getMatchesForItem throws if item is removed"},{"ancestorTitles":["matchingService AI Logic"],"duration":2,"failing":false,"failureDetails":[],"failureMessages":[],"fullName":"matchingService AI Logic getMatchesForItem handles missing image files safely (ENOENT)","invocations":1,"location":null,"numPassingAsserts":2,"retryReasons":[],"startAt":1776347542823,"status":"passed","title":"getMatchesForItem handles missing image files safely (ENOENT)"}],"endTime":1776347542827,"message":"","name":"C:\\Users\\memo_\\Desktop\\Projeler\\matchproof\\tests\\server\\services\\matchingService.test.js","startTime":1776347542717,"status":"passed","summary":""},{"assertionResults":[{"ancestorTitles":["Server Index"],"duration":2,"failing":false,"failureDetails":[],"failureMessages":[],"fullName":"Server Index starts server and registers listeners","invocations":1,"location":null,"numPassingAsserts":3,"retryReasons":[],"startAt":1776347542882,"status":"passed","title":"starts server and registers listeners"},{"ancestorTitles":["Server Index"],"duration":2,"failing":false,"failureDetails":[],"failureMessages":[],"fullName":"Server Index handles SIGINT gracefully","invocations":1,"location":null,"numPassingAsserts":3,"retryReasons":[],"startAt":1776347542885,"status":"passed","title":"handles SIGINT gracefully"}],"endTime":1776347542889,"message":"","name":"C:\\Users\\memo_\\Desktop\\Projeler\\matchproof\\tests\\server\\index.test.js","startTime":1776347542835,"status":"passed","summary":""},{"assertionResults":[{"ancestorTitles":["user.model"],"duration":2,"failing":false,"failureDetails":[],"failureMessages":[],"fullName":"user.model createUser constructs correct INSERT query and params","invocations":1,"location":null,"numPassingAsserts":5,"retryReasons":[],"startAt":1776347542939,"status":"passed","title":"createUser constructs correct INSERT query and params"},{"ancestorTitles":["user.model"],"duration":1,"failing":false,"failureDetails":[],"failureMessages":[],"fullName":"user.model createUser uses \"user\" role as default","invocations":1,"location":null,"numPassingAsserts":1,"retryReasons":[],"startAt":1776347542941,"status":"passed","title":"createUser uses \"user\" role as default"},{"ancestorTitles":["user.model"],"duration":1,"failing":false,"failureDetails":[],"failureMessages":[],"fullName":"user.model findUserByEmail looks up user accurately","invocations":1,"location":null,"numPassingAsserts":5,"retryReasons":[],"startAt":1776347542942,"status":"passed","title":"findUserByEmail looks up user accurately"},{"ancestorTitles":["user.model"],"duration":1,"failing":false,"failureDetails":[],"failureMessages":[],"fullName":"user.model findUserByEmail returns null if no user matches","invocations":1,"location":null,"numPassingAsserts":1,"retryReasons":[],"startAt":1776347542943,"status":"passed","title":"findUserByEmail returns null if no user matches"},{"ancestorTitles":["user.model"],"duration":1,"failing":false,"failureDetails":[],"failureMessages":[],"fullName":"user.model findUserById retrieves user without password_hash","invocations":1,"location":null,"numPassingAsserts":6,"retryReasons":[],"startAt":1776347542944,"status":"passed","title":"findUserById retrieves user without password_hash"},{"ancestorTitles":["user.model"],"duration":1,"failing":false,"failureDetails":[],"failureMessages":[],"fullName":"user.model findUserById returns null if not found","invocations":1,"location":null,"numPassingAsserts":1,"retryReasons":[],"startAt":1776347542946,"status":"passed","title":"findUserById returns null if not found"}],"endTime":1776347542949,"message":"","name":"C:\\Users\\memo_\\Desktop\\Projeler\\matchproof\\tests\\server\\models\\user.model.test.js","startTime":1776347542899,"status":"passed","summary":""},{"assertionResults":[{"ancestorTitles":["item.model"],"duration":6,"failing":false,"failureDetails":[],"failureMessages":[],"fullName":"item.model createItem calls query with correct INSERT statement","invocations":1,"location":null,"numPassingAsserts":4,"retryReasons":[],"startAt":1776347543044,"status":"passed","title":"createItem calls query with correct INSERT statement"},{"ancestorTitles":["item.model"],"duration":1,"failing":false,"failureDetails":[],"failureMessages":[],"fullName":"item.model findItemById calls query with correct SELECT statement","invocations":1,"location":null,"numPassingAsserts":6,"retryReasons":[],"startAt":1776347543051,"status":"passed","title":"findItemById calls query with correct SELECT statement"},{"ancestorTitles":["item.model"],"duration":1,"failing":false,"failureDetails":[],"failureMessages":[],"fullName":"item.model findItemById returns null if not found","invocations":1,"location":null,"numPassingAsserts":1,"retryReasons":[],"startAt":1776347543052,"status":"passed","title":"findItemById returns null if not found"},{"ancestorTitles":["item.model"],"duration":2,"failing":false,"failureDetails":[],"failureMessages":[],"fullName":"item.model searchItems constructs dynamic WHERE clauses and pagination","invocations":1,"location":null,"numPassingAsserts":10,"retryReasons":[],"startAt":1776347543053,"status":"passed","title":"searchItems constructs dynamic WHERE clauses and pagination"},{"ancestorTitles":["item.model"],"duration":1,"failing":false,"failureDetails":[],"failureMessages":[],"fullName":"item.model searchItems with minimal query params","invocations":1,"location":null,"numPassingAsserts":2,"retryReasons":[],"startAt":1776347543055,"status":"passed","title":"searchItems with minimal query params"},{"ancestorTitles":["item.model"],"duration":1,"failing":false,"failureDetails":[],"failureMessages":[],"fullName":"item.model searchItems computes limit/offset indexes correctly for later pages","invocations":1,"location":null,"numPassingAsserts":5,"retryReasons":[],"startAt":1776347543057,"status":"passed","title":"searchItems computes limit/offset indexes correctly for later pages"},{"ancestorTitles":["item.model"],"duration":1,"failing":false,"failureDetails":[],"failureMessages":[],"fullName":"item.model updateItemStatusById calls UPDATE with correct fields","invocations":1,"location":null,"numPassingAsserts":5,"retryReasons":[],"startAt":1776347543058,"status":"passed","title":"updateItemStatusById calls UPDATE with correct fields"},{"ancestorTitles":["item.model"],"duration":1,"failing":false,"failureDetails":[],"failureMessages":[],"fullName":"item.model markItemAsRemovedById sets status to removed and clears image","invocations":1,"location":null,"numPassingAsserts":4,"retryReasons":[],"startAt":1776347543059,"status":"passed","title":"markItemAsRemovedById sets status to removed and clears image"},{"ancestorTitles":["item.model"],"duration":1,"failing":false,"failureDetails":[],"failureMessages":[],"fullName":"item.model updateItemById modifies mutable fields","invocations":1,"location":null,"numPassingAsserts":3,"retryReasons":[],"startAt":1776347543060,"status":"passed","title":"updateItemById modifies mutable fields"},{"ancestorTitles":["item.model"],"duration":4,"failing":false,"failureDetails":[],"failureMessages":[],"fullName":"item.model deleteItemById performs hard delete","invocations":1,"location":null,"numPassingAsserts":4,"retryReasons":[],"startAt":1776347543061,"status":"passed","title":"deleteItemById performs hard delete"},{"ancestorTitles":["item.model"],"duration":1,"failing":false,"failureDetails":[],"failureMessages":[],"fullName":"item.model returns null when updates/deletes return no rows","invocations":1,"location":null,"numPassingAsserts":4,"retryReasons":[],"startAt":1776347543065,"status":"passed","title":"returns null when updates/deletes return no rows"}],"endTime":1776347543068,"message":"","name":"C:\\Users\\memo_\\Desktop\\Projeler\\matchproof\\tests\\server\\models\\item.model.test.js","startTime":1776347542956,"status":"passed","summary":""},{"assertionResults":[{"ancestorTitles":["moderation.service"],"duration":2,"failing":false,"failureDetails":[],"failureMessages":[],"fullName":"moderation.service rejects invalid itemId","invocations":1,"location":null,"numPassingAsserts":1,"retryReasons":[],"startAt":1776347543125,"status":"passed","title":"rejects invalid itemId"},{"ancestorTitles":["moderation.service"],"duration":1,"failing":false,"failureDetails":[],"failureMessages":[],"fullName":"moderation.service rejects empty reason","invocations":1,"location":null,"numPassingAsserts":1,"retryReasons":[],"startAt":1776347543127,"status":"passed","title":"rejects empty reason"},{"ancestorTitles":["moderation.service"],"duration":1,"failing":false,"failureDetails":[],"failureMessages":[],"fullName":"moderation.service rejects missing reason value","invocations":1,"location":null,"numPassingAsserts":1,"retryReasons":[],"startAt":1776347543129,"status":"passed","title":"rejects missing reason value"},{"ancestorTitles":["moderation.service"],"duration":1,"failing":false,"failureDetails":[],"failureMessages":[],"fullName":"moderation.service rejects missing item","invocations":1,"location":null,"numPassingAsserts":1,"retryReasons":[],"startAt":1776347543130,"status":"passed","title":"rejects missing item"},{"ancestorTitles":["moderation.service"],"duration":1,"failing":false,"failureDetails":[],"failureMessages":[],"fullName":"moderation.service rejects already removed item","invocations":1,"location":null,"numPassingAsserts":1,"retryReasons":[],"startAt":1776347543131,"status":"passed","title":"rejects already removed item"},{"ancestorTitles":["moderation.service"],"duration":2,"failing":false,"failureDetails":[],"failureMessages":[],"fullName":"moderation.service removes item, deletes image, and creates moderation action","invocations":1,"location":null,"numPassingAsserts":5,"retryReasons":[],"startAt":1776347543132,"status":"passed","title":"removes item, deletes image, and creates moderation action"},{"ancestorTitles":["moderation.service"],"duration":0,"failing":false,"failureDetails":[],"failureMessages":[],"fullName":"moderation.service skips image deletion when item has no imagePath","invocations":1,"location":null,"numPassingAsserts":1,"retryReasons":[],"startAt":1776347543134,"status":"passed","title":"skips image deletion when item has no imagePath"}],"endTime":1776347543135,"message":"","name":"C:\\Users\\memo_\\Desktop\\Projeler\\matchproof\\tests\\server\\services\\moderation.service.test.js","startTime":1776347543074,"status":"passed","summary":""},{"assertionResults":[{"ancestorTitles":["requireAuth"],"duration":1,"failing":false,"failureDetails":[],"failureMessages":[],"fullName":"requireAuth returns AUTH_REQUIRED when there is no session","invocations":1,"location":null,"numPassingAsserts":4,"retryReasons":[],"startAt":1776347543177,"status":"passed","title":"returns AUTH_REQUIRED when there is no session"},{"ancestorTitles":["requireAuth"],"duration":1,"failing":false,"failureDetails":[],"failureMessages":[],"fullName":"requireAuth returns AUTH_REQUIRED when session has no userId","invocations":1,"location":null,"numPassingAsserts":3,"retryReasons":[],"startAt":1776347543179,"status":"passed","title":"returns AUTH_REQUIRED when session has no userId"},{"ancestorTitles":["requireAuth"],"duration":3,"failing":false,"failureDetails":[],"failureMessages":[],"fullName":"requireAuth passes through when session has userId","invocations":1,"location":null,"numPassingAsserts":2,"retryReasons":[],"startAt":1776347543180,"status":"passed","title":"passes through when session has userId"}],"endTime":1776347543184,"message":"","name":"C:\\Users\\memo_\\Desktop\\Projeler\\matchproof\\tests\\server\\middleware\\require-auth.test.js","startTime":1776347543141,"status":"passed","summary":""},{"assertionResults":[{"ancestorTitles":["auth.service"],"duration":2,"failing":false,"failureDetails":[],"failureMessages":[],"fullName":"auth.service registerUser creates account with hashed password","invocations":1,"location":null,"numPassingAsserts":4,"retryReasons":[],"startAt":1776347543228,"status":"passed","title":"registerUser creates account with hashed password"},{"ancestorTitles":["auth.service"],"duration":2,"failing":false,"failureDetails":[],"failureMessages":[],"fullName":"auth.service registerUser rejects when email already exists","invocations":1,"location":null,"numPassingAsserts":2,"retryReasons":[],"startAt":1776347543231,"status":"passed","title":"registerUser rejects when email already exists"},{"ancestorTitles":["auth.service"],"duration":1,"failing":false,"failureDetails":[],"failureMessages":[],"fullName":"auth.service registerUser validates input fields","invocations":1,"location":null,"numPassingAsserts":2,"retryReasons":[],"startAt":1776347543233,"status":"passed","title":"registerUser validates input fields"},{"ancestorTitles":["auth.service"],"duration":1,"failing":false,"failureDetails":[],"failureMessages":[],"fullName":"auth.service registerUser validates email and password constraints","invocations":1,"location":null,"numPassingAsserts":2,"retryReasons":[],"startAt":1776347543235,"status":"passed","title":"registerUser validates email and password constraints"},{"ancestorTitles":["auth.service"],"duration":1,"failing":false,"failureDetails":[],"failureMessages":[],"fullName":"auth.service loginUser rejects invalid credentials when user does not exist","invocations":1,"location":null,"numPassingAsserts":2,"retryReasons":[],"startAt":1776347543236,"status":"passed","title":"loginUser rejects invalid credentials when user does not exist"},{"ancestorTitles":["auth.service"],"duration":1,"failing":false,"failureDetails":[],"failureMessages":[],"fullName":"auth.service loginUser validates email and password presence","invocations":1,"location":null,"numPassingAsserts":2,"retryReasons":[],"startAt":1776347543238,"status":"passed","title":"loginUser validates email and password presence"},{"ancestorTitles":["auth.service"],"duration":1,"failing":false,"failureDetails":[],"failureMessages":[],"fullName":"auth.service loginUser rejects invalid credentials when password is wrong","invocations":1,"location":null,"numPassingAsserts":1,"retryReasons":[],"startAt":1776347543239,"status":"passed","title":"loginUser rejects invalid credentials when password is wrong"},{"ancestorTitles":["auth.service"],"duration":1,"failing":false,"failureDetails":[],"failureMessages":[],"fullName":"auth.service loginUser returns user for valid credentials","invocations":1,"location":null,"numPassingAsserts":1,"retryReasons":[],"startAt":1776347543241,"status":"passed","title":"loginUser returns user for valid credentials"},{"ancestorTitles":["auth.service"],"duration":1,"failing":false,"failureDetails":[],"failureMessages":[],"fullName":"auth.service getCurrentUser returns user or throws when missing","invocations":1,"location":null,"numPassingAsserts":2,"retryReasons":[],"startAt":1776347543242,"status":"passed","title":"getCurrentUser returns user or throws when missing"},{"ancestorTitles":["auth.service"],"duration":3,"failing":false,"failureDetails":[],"failureMessages":[],"fullName":"auth.service toPublicUser removes sensitive fields","invocations":1,"location":null,"numPassingAsserts":2,"retryReasons":[],"startAt":1776347543244,"status":"passed","title":"toPublicUser removes sensitive fields"}],"endTime":1776347543248,"message":"","name":"C:\\Users\\memo_\\Desktop\\Projeler\\matchproof\\tests\\server\\services\\auth.service.test.js","startTime":1776347543190,"status":"passed","summary":""},{"assertionResults":[{"ancestorTitles":["env service"],"duration":8,"failing":false,"failureDetails":[],"failureMessages":[],"fullName":"env service throws when required variables are missing","invocations":1,"location":null,"numPassingAsserts":1,"retryReasons":[],"startAt":1776347543287,"status":"passed","title":"throws when required variables are missing"},{"ancestorTitles":["env service"],"duration":2,"failing":false,"failureDetails":[],"failureMessages":[],"fullName":"env service uses default values when optional env vars are absent","invocations":1,"location":null,"numPassingAsserts":4,"retryReasons":[],"startAt":1776347543295,"status":"passed","title":"uses default values when optional env vars are absent"},{"ancestorTitles":["env service"],"duration":1,"failing":false,"failureDetails":[],"failureMessages":[],"fullName":"env service parses optional values when provided","invocations":1,"location":null,"numPassingAsserts":4,"retryReasons":[],"startAt":1776347543298,"status":"passed","title":"parses optional values when provided"}],"endTime":1776347543300,"message":"","name":"C:\\Users\\memo_\\Desktop\\Projeler\\matchproof\\tests\\server\\services\\env.service.test.js","startTime":1776347543253,"status":"passed","summary":""},{"assertionResults":[{"ancestorTitles":["requireAdmin"],"duration":2,"failing":false,"failureDetails":[],"failureMessages":[],"fullName":"requireAdmin bubbles AUTH_REQUIRED when not authenticated","invocations":1,"location":null,"numPassingAsserts":4,"retryReasons":[],"startAt":1776347543351,"status":"passed","title":"bubbles AUTH_REQUIRED when not authenticated"},{"ancestorTitles":["requireAdmin"],"duration":1,"failing":false,"failureDetails":[],"failureMessages":[],"fullName":"requireAdmin returns ADMIN_REQUIRED for authenticated non-admin user","invocations":1,"location":null,"numPassingAsserts":4,"retryReasons":[],"startAt":1776347543354,"status":"passed","title":"returns ADMIN_REQUIRED for authenticated non-admin user"},{"ancestorTitles":["requireAdmin"],"duration":1,"failing":false,"failureDetails":[],"failureMessages":[],"fullName":"requireAdmin passes through for admin user","invocations":1,"location":null,"numPassingAsserts":2,"retryReasons":[],"startAt":1776347543355,"status":"passed","title":"passes through for admin user"}],"endTime":1776347543357,"message":"","name":"C:\\Users\\memo_\\Desktop\\Projeler\\matchproof\\tests\\server\\middleware\\require-admin.test.js","startTime":1776347543306,"status":"passed","summary":""},{"assertionResults":[{"ancestorTitles":["Server Migrate Script"],"duration":8,"failing":false,"failureDetails":[],"failureMessages":[],"fullName":"Server Migrate Script runs migrations successfully","invocations":1,"location":null,"numPassingAsserts":9,"retryReasons":[],"startAt":1776347543401,"status":"passed","title":"runs migrations successfully"},{"ancestorTitles":["Server Migrate Script"],"duration":6,"failing":false,"failureDetails":[],"failureMessages":[],"fullName":"Server Migrate Script rolls back and catches error on failure","invocations":1,"location":null,"numPassingAsserts":3,"retryReasons":[],"startAt":1776347543409,"status":"passed","title":"rolls back and catches error on failure"}],"endTime":1776347543417,"message":"","name":"C:\\Users\\memo_\\Desktop\\Projeler\\matchproof\\tests\\server\\migrate.test.js","startTime":1776347543363,"status":"passed","summary":""},{"assertionResults":[{"ancestorTitles":["app-error"],"duration":3,"failing":false,"failureDetails":[],"failureMessages":[],"fullName":"app-error uses default statusCode and code when options are omitted","invocations":1,"location":null,"numPassingAsserts":5,"retryReasons":[],"startAt":1776347543462,"status":"passed","title":"uses default statusCode and code when options are omitted"},{"ancestorTitles":["app-error"],"duration":1,"failing":false,"failureDetails":[],"failureMessages":[],"fullName":"app-error uses custom statusCode and code when provided","invocations":1,"location":null,"numPassingAsserts":2,"retryReasons":[],"startAt":1776347543465,"status":"passed","title":"uses custom statusCode and code when provided"}],"endTime":1776347543467,"message":"","name":"C:\\Users\\memo_\\Desktop\\Projeler\\matchproof\\tests\\server\\services\\app-error.service.test.js","startTime":1776347543422,"status":"passed","summary":""},{"assertionResults":[{"ancestorTitles":["session-store service"],"duration":7,"failing":false,"failureDetails":[],"failureMessages":[],"fullName":"session-store service creates configured session middleware in non-production mode","invocations":1,"location":null,"numPassingAsserts":7,"retryReasons":[],"startAt":1776347543508,"status":"passed","title":"creates configured session middleware in non-production mode"},{"ancestorTitles":["session-store service"],"duration":4,"failing":false,"failureDetails":[],"failureMessages":[],"fullName":"session-store service sets secure cookie in production mode","invocations":1,"location":null,"numPassingAsserts":1,"retryReasons":[],"startAt":1776347543516,"status":"passed","title":"sets secure cookie in production mode"}],"endTime":1776347543520,"message":"","name":"C:\\Users\\memo_\\Desktop\\Projeler\\matchproof\\tests\\server\\services\\session-store.service.test.js","startTime":1776347543472,"status":"passed","summary":""},{"assertionResults":[{"ancestorTitles":["moderation-action.model"],"duration":1,"failing":false,"failureDetails":[],"failureMessages":[],"fullName":"moderation-action.model createModerationAction inserts a new moderation row","invocations":1,"location":null,"numPassingAsserts":6,"retryReasons":[],"startAt":1776347543565,"status":"passed","title":"createModerationAction inserts a new moderation row"}],"endTime":1776347543567,"message":"","name":"C:\\Users\\memo_\\Desktop\\Projeler\\matchproof\\tests\\server\\models\\moderation-action.model.test.js","startTime":1776347543525,"status":"passed","summary":""}],"wasInterrupted":false}
